# JRE version: OpenJDK Runtime Environment Temurin-17.0.13+11 (17.0.13+11) (build 17.0.13+11)
# Java VM: OpenJDK 64-Bit Server VM Temurin-17.0.13+11 (17.0.13+11, mixed mode, tiered, compressed oops, compressed class ptrs, parallel gc, windows-amd64)
GC Precious Log:
 CPUs: 12 total, 12 available
 Memory: 16122M
 Large Page Support: Disabled
 NUMA Support: Disabled
 Compressed Oops: Enabled (32-bit)
 Alignments: Space 512K, Generation 512K, Heap 2M
 Heap Min Capacity: 100M
 Heap Initial Capacity: 100M
 Heap Max Capacity: 1G
 Pre-touch: Disabled
 Parallel Workers: 10
Heap:
 PSYoungGen      total 29696K, used 29200K [0x00000000eab00000, 0x00000000ece80000, 0x0000000100000000)
  eden space 25600K, 100% used [0x00000000eab00000,0x00000000ec400000,0x00000000ec400000)
  from space 4096K, 87% used [0x00000000eca80000,0x00000000ece04238,0x00000000ece80000)
  to   space 5120K, 0% used [0x00000000ec480000,0x00000000ec480000,0x00000000ec980000)
 ParOldGen       total 205312K, used 203942K [0x00000000c0000000, 0x00000000cc880000, 0x00000000eab00000)
  object space 205312K, 99% used [0x00000000c0000000,0x00000000cc729b10,0x00000000cc880000)
 Metaspace       used 67467K, committed 68736K, reserved 1114112K
  class space    used 7067K, committed 7680K, reserved 1048576K
GC Heap History (20 events):
Event: 5.698 GC heap after
{Heap after GC invocations=127 (full 7):
 PSYoungGen      total 17408K, used 3059K [0x00000000eab00000, 0x00000000ec380000, 0x0000000100000000)
  eden space 14336K, 0% used [0x00000000eab00000,0x00000000eab00000,0x00000000eb900000)
  from space 3072K, 99% used [0x00000000eb900000,0x00000000ebbfcfd8,0x00000000ebc00000)
  to   space 4608K, 0% used [0x00000000ebf00000,0x00000000ebf00000,0x00000000ec380000)
 ParOldGen       total 205312K, used 181993K [0x00000000c0000000, 0x00000000cc880000, 0x00000000eab00000)
  object space 205312K, 88% used [0x00000000c0000000,0x00000000cb1ba460,0x00000000cc880000)
 Metaspace       used 66423K, committed 67584K, reserved 1114112K
  class space    used 6967K, committed 7488K, reserved 1048576K
}
Event: 5.722 GC heap before
{Heap before GC invocations=128 (full 7):
 PSYoungGen      total 17408K, used 17395K [0x00000000eab00000, 0x00000000ec380000, 0x0000000100000000)
  eden space 14336K, 100% used [0x00000000eab00000,0x00000000eb900000,0x00000000eb900000)
  from space 3072K, 99% used [0x00000000eb900000,0x00000000ebbfcfd8,0x00000000ebc00000)
  to   space 4608K, 0% used [0x00000000ebf00000,0x00000000ebf00000,0x00000000ec380000)
 ParOldGen       total 205312K, used 181993K [0x00000000c0000000, 0x00000000cc880000, 0x00000000eab00000)
  object space 205312K, 88% used [0x00000000c0000000,0x00000000cb1ba460,0x00000000cc880000)
 Metaspace       used 66462K, committed 67648K, reserved 1114112K
  class space    used 6970K, committed 7488K, reserved 1048576K
}
Event: 5.724 GC heap after
{Heap after GC invocations=128 (full 7):
 PSYoungGen      total 18432K, used 2159K [0x00000000eab00000, 0x00000000ec180000, 0x0000000100000000)
  eden space 15872K, 0% used [0x00000000eab00000,0x00000000eab00000,0x00000000eba80000)
  from space 2560K, 84% used [0x00000000ebf00000,0x00000000ec11bfe8,0x00000000ec180000)
  to   space 3072K, 0% used [0x00000000ebb80000,0x00000000ebb80000,0x00000000ebe80000)
 ParOldGen       total 205312K, used 185011K [0x00000000c0000000, 0x00000000cc880000, 0x00000000eab00000)
  object space 205312K, 90% used [0x00000000c0000000,0x00000000cb4acd38,0x00000000cc880000)
 Metaspace       used 66462K, committed 67648K, reserved 1114112K
  class space    used 6970K, committed 7488K, reserved 1048576K
}
Event: 5.750 GC heap before
{Heap before GC invocations=129 (full 7):
 PSYoungGen      total 18432K, used 18031K [0x00000000eab00000, 0x00000000ec180000, 0x0000000100000000)
  eden space 15872K, 100% used [0x00000000eab00000,0x00000000eba80000,0x00000000eba80000)
  from space 2560K, 84% used [0x00000000ebf00000,0x00000000ec11bfe8,0x00000000ec180000)
  to   space 3072K, 0% used [0x00000000ebb80000,0x00000000ebb80000,0x00000000ebe80000)
 ParOldGen       total 205312K, used 185011K [0x00000000c0000000, 0x00000000cc880000, 0x00000000eab00000)
  object space 205312K, 90% used [0x00000000c0000000,0x00000000cb4acd38,0x00000000cc880000)
 Metaspace       used 66489K, committed 67648K, reserved 1114112K
  class space    used 6971K, committed 7488K, reserved 1048576K
}
Event: 5.752 GC heap after
{Heap after GC invocations=129 (full 7):
 PSYoungGen      total 19968K, used 3044K [0x00000000eab00000, 0x00000000ec500000, 0x0000000100000000)
  eden space 16896K, 0% used [0x00000000eab00000,0x00000000eab00000,0x00000000ebb80000)
  from space 3072K, 99% used [0x00000000ebb80000,0x00000000ebe793d0,0x00000000ebe80000)
  to   space 4608K, 0% used [0x00000000ec080000,0x00000000ec080000,0x00000000ec500000)
 ParOldGen       total 205312K, used 185876K [0x00000000c0000000, 0x00000000cc880000, 0x00000000eab00000)
  object space 205312K, 90% used [0x00000000c0000000,0x00000000cb585090,0x00000000cc880000)
 Metaspace       used 66489K, committed 67648K, reserved 1114112K
  class space    used 6971K, committed 7488K, reserved 1048576K
}
Event: 5.772 GC heap before
{Heap before GC invocations=130 (full 7):
 PSYoungGen      total 19968K, used 19940K [0x00000000eab00000, 0x00000000ec500000, 0x0000000100000000)
  eden space 16896K, 100% used [0x00000000eab00000,0x00000000ebb80000,0x00000000ebb80000)
  from space 3072K, 99% used [0x00000000ebb80000,0x00000000ebe793d0,0x00000000ebe80000)
  to   space 4608K, 0% used [0x00000000ec080000,0x00000000ec080000,0x00000000ec500000)
 ParOldGen       total 205312K, used 185876K [0x00000000c0000000, 0x00000000cc880000, 0x00000000eab00000)
  object space 205312K, 90% used [0x00000000c0000000,0x00000000cb585090,0x00000000cc880000)
 Metaspace       used 66542K, committed 67712K, reserved 1114112K
  class space    used 6973K, committed 7488K, reserved 1048576K
}
Event: 5.775 GC heap after
{Heap after GC invocations=130 (full 7):
 PSYoungGen      total 20480K, used 1760K [0x00000000eab00000, 0x00000000ec280000, 0x0000000100000000)
  eden space 18432K, 0% used [0x00000000eab00000,0x00000000eab00000,0x00000000ebd00000)
  from space 2048K, 85% used [0x00000000ec080000,0x00000000ec238020,0x00000000ec280000)
  to   space 2560K, 0% used [0x00000000ebd80000,0x00000000ebd80000,0x00000000ec000000)
 ParOldGen       total 205312K, used 188653K [0x00000000c0000000, 0x00000000cc880000, 0x00000000eab00000)
  object space 205312K, 91% used [0x00000000c0000000,0x00000000cb83b4b8,0x00000000cc880000)
 Metaspace       used 66542K, committed 67712K, reserved 1114112K
  class space    used 6973K, committed 7488K, reserved 1048576K
}
Event: 5.796 GC heap before
{Heap before GC invocations=131 (full 7):
 PSYoungGen      total 20480K, used 20192K [0x00000000eab00000, 0x00000000ec280000, 0x0000000100000000)
  eden space 18432K, 100% used [0x00000000eab00000,0x00000000ebd00000,0x00000000ebd00000)
  from space 2048K, 85% used [0x00000000ec080000,0x00000000ec238020,0x00000000ec280000)
  to   space 2560K, 0% used [0x00000000ebd80000,0x00000000ebd80000,0x00000000ec000000)
 ParOldGen       total 205312K, used 188653K [0x00000000c0000000, 0x00000000cc880000, 0x00000000eab00000)
  object space 205312K, 91% used [0x00000000c0000000,0x00000000cb83b4b8,0x00000000cc880000)
 Metaspace       used 66575K, committed 67712K, reserved 1114112K
  class space    used 6974K, committed 7488K, reserved 1048576K
}
Event: 5.797 GC heap after
{Heap after GC invocations=131 (full 7):
 PSYoungGen      total 21504K, used 2552K [0x00000000eab00000, 0x00000000ec680000, 0x0000000100000000)
  eden space 18944K, 0% used [0x00000000eab00000,0x00000000eab00000,0x00000000ebd80000)
  from space 2560K, 99% used [0x00000000ebd80000,0x00000000ebffe268,0x00000000ec000000)
  to   space 4096K, 0% used [0x00000000ec280000,0x00000000ec280000,0x00000000ec680000)
 ParOldGen       total 205312K, used 189609K [0x00000000c0000000, 0x00000000cc880000, 0x00000000eab00000)
  object space 205312K, 92% used [0x00000000c0000000,0x00000000cb92a488,0x00000000cc880000)
 Metaspace       used 66575K, committed 67712K, reserved 1114112K
  class space    used 6974K, committed 7488K, reserved 1048576K
}
Event: 5.822 GC heap before
{Heap before GC invocations=132 (full 7):
 PSYoungGen      total 21504K, used 21496K [0x00000000eab00000, 0x00000000ec680000, 0x0000000100000000)
  eden space 18944K, 100% used [0x00000000eab00000,0x00000000ebd80000,0x00000000ebd80000)
  from space 2560K, 99% used [0x00000000ebd80000,0x00000000ebffe268,0x00000000ec000000)
  to   space 4096K, 0% used [0x00000000ec280000,0x00000000ec280000,0x00000000ec680000)
 ParOldGen       total 205312K, used 189609K [0x00000000c0000000, 0x00000000cc880000, 0x00000000eab00000)
  object space 205312K, 92% used [0x00000000c0000000,0x00000000cb92a488,0x00000000cc880000)
 Metaspace       used 66705K, committed 67840K, reserved 1114112K
  class space    used 6974K, committed 7488K, reserved 1048576K
}
Event: 5.824 GC heap after
{Heap after GC invocations=132 (full 7):
 PSYoungGen      total 23552K, used 2631K [0x00000000eab00000, 0x00000000ec580000, 0x0000000100000000)
  eden space 20480K, 0% used [0x00000000eab00000,0x00000000eab00000,0x00000000ebf00000)
  from space 3072K, 85% used [0x00000000ec280000,0x00000000ec511ff0,0x00000000ec580000)
  to   space 3072K, 0% used [0x00000000ebf80000,0x00000000ebf80000,0x00000000ec280000)
 ParOldGen       total 205312K, used 192152K [0x00000000c0000000, 0x00000000cc880000, 0x00000000eab00000)
  object space 205312K, 93% used [0x00000000c0000000,0x00000000cbba6240,0x00000000cc880000)
 Metaspace       used 66705K, committed 67840K, reserved 1114112K
  class space    used 6974K, committed 7488K, reserved 1048576K
}
Event: 5.854 GC heap before
{Heap before GC invocations=133 (full 7):
 PSYoungGen      total 23552K, used 23111K [0x00000000eab00000, 0x00000000ec580000, 0x0000000100000000)
  eden space 20480K, 100% used [0x00000000eab00000,0x00000000ebf00000,0x00000000ebf00000)
  from space 3072K, 85% used [0x00000000ec280000,0x00000000ec511ff0,0x00000000ec580000)
  to   space 3072K, 0% used [0x00000000ebf80000,0x00000000ebf80000,0x00000000ec280000)
 ParOldGen       total 205312K, used 192152K [0x00000000c0000000, 0x00000000cc880000, 0x00000000eab00000)
  object space 205312K, 93% used [0x00000000c0000000,0x00000000cbba6240,0x00000000cc880000)
 Metaspace       used 66771K, committed 67904K, reserved 1114112K
  class space    used 6977K, committed 7488K, reserved 1048576K
}
Event: 5.856 GC heap after
{Heap after GC invocations=133 (full 7):
 PSYoungGen      total 24064K, used 3069K [0x00000000eab00000, 0x00000000ecc80000, 0x0000000100000000)
  eden space 20992K, 0% used [0x00000000eab00000,0x00000000eab00000,0x00000000ebf80000)
  from space 3072K, 99% used [0x00000000ebf80000,0x00000000ec27f660,0x00000000ec280000)
  to   space 6144K, 0% used [0x00000000ec680000,0x00000000ec680000,0x00000000ecc80000)
 ParOldGen       total 205312K, used 194499K [0x00000000c0000000, 0x00000000cc880000, 0x00000000eab00000)
  object space 205312K, 94% used [0x00000000c0000000,0x00000000cbdf0cc0,0x00000000cc880000)
 Metaspace       used 66771K, committed 67904K, reserved 1114112K
  class space    used 6977K, committed 7488K, reserved 1048576K
}
Event: 5.893 GC heap before
{Heap before GC invocations=134 (full 7):
 PSYoungGen      total 24064K, used 24061K [0x00000000eab00000, 0x00000000ecc80000, 0x0000000100000000)
  eden space 20992K, 100% used [0x00000000eab00000,0x00000000ebf80000,0x00000000ebf80000)
  from space 3072K, 99% used [0x00000000ebf80000,0x00000000ec27f660,0x00000000ec280000)
  to   space 6144K, 0% used [0x00000000ec680000,0x00000000ec680000,0x00000000ecc80000)
 ParOldGen       total 205312K, used 194499K [0x00000000c0000000, 0x00000000cc880000, 0x00000000eab00000)
  object space 205312K, 94% used [0x00000000c0000000,0x00000000cbdf0cc0,0x00000000cc880000)
 Metaspace       used 66805K, committed 67968K, reserved 1114112K
  class space    used 6977K, committed 7488K, reserved 1048576K
}
Event: 5.897 GC heap after
{Heap after GC invocations=134 (full 7):
 PSYoungGen      total 26624K, used 3265K [0x00000000eab00000, 0x00000000eca00000, 0x0000000100000000)
  eden space 23040K, 0% used [0x00000000eab00000,0x00000000eab00000,0x00000000ec180000)
  from space 3584K, 91% used [0x00000000ec680000,0x00000000ec9b06d8,0x00000000eca00000)
  to   space 4096K, 0% used [0x00000000ec200000,0x00000000ec200000,0x00000000ec600000)
 ParOldGen       total 205312K, used 197488K [0x00000000c0000000, 0x00000000cc880000, 0x00000000eab00000)
  object space 205312K, 96% used [0x00000000c0000000,0x00000000cc0dc000,0x00000000cc880000)
 Metaspace       used 66805K, committed 67968K, reserved 1114112K
  class space    used 6977K, committed 7488K, reserved 1048576K
}
Event: 5.936 GC heap before
{Heap before GC invocations=135 (full 7):
 PSYoungGen      total 26624K, used 26305K [0x00000000eab00000, 0x00000000eca00000, 0x0000000100000000)
  eden space 23040K, 100% used [0x00000000eab00000,0x00000000ec180000,0x00000000ec180000)
  from space 3584K, 91% used [0x00000000ec680000,0x00000000ec9b06d8,0x00000000eca00000)
  to   space 4096K, 0% used [0x00000000ec200000,0x00000000ec200000,0x00000000ec600000)
 ParOldGen       total 205312K, used 197488K [0x00000000c0000000, 0x00000000cc880000, 0x00000000eab00000)
  object space 205312K, 96% used [0x00000000c0000000,0x00000000cc0dc000,0x00000000cc880000)
 Metaspace       used 67093K, committed 68352K, reserved 1114112K
  class space    used 7011K, committed 7616K, reserved 1048576K
}
Event: 5.939 GC heap after
{Heap after GC invocations=135 (full 7):
 PSYoungGen      total 27648K, used 4068K [0x00000000eab00000, 0x00000000ed200000, 0x0000000100000000)
  eden space 23552K, 0% used [0x00000000eab00000,0x00000000eab00000,0x00000000ec200000)
  from space 4096K, 99% used [0x00000000ec200000,0x00000000ec5f9380,0x00000000ec600000)
  to   space 7680K, 0% used [0x00000000eca80000,0x00000000eca80000,0x00000000ed200000)
 ParOldGen       total 205312K, used 200035K [0x00000000c0000000, 0x00000000cc880000, 0x00000000eab00000)
  object space 205312K, 97% used [0x00000000c0000000,0x00000000cc358c38,0x00000000cc880000)
 Metaspace       used 67093K, committed 68352K, reserved 1114112K
  class space    used 7011K, committed 7616K, reserved 1048576K
}
Event: 5.978 GC heap before
{Heap before GC invocations=136 (full 7):
 PSYoungGen      total 27648K, used 27620K [0x00000000eab00000, 0x00000000ed200000, 0x0000000100000000)
  eden space 23552K, 100% used [0x00000000eab00000,0x00000000ec200000,0x00000000ec200000)
  from space 4096K, 99% used [0x00000000ec200000,0x00000000ec5f9380,0x00000000ec600000)
  to   space 7680K, 0% used [0x00000000eca80000,0x00000000eca80000,0x00000000ed200000)
 ParOldGen       total 205312K, used 200035K [0x00000000c0000000, 0x00000000cc880000, 0x00000000eab00000)
  object space 205312K, 97% used [0x00000000c0000000,0x00000000cc358c38,0x00000000cc880000)
 Metaspace       used 67253K, committed 68480K, reserved 1114112K
  class space    used 7038K, committed 7616K, reserved 1048576K
}
Event: 5.982 GC heap after
{Heap after GC invocations=136 (full 7):
 PSYoungGen      total 29696K, used 3600K [0x00000000eab00000, 0x00000000ece80000, 0x0000000100000000)
  eden space 25600K, 0% used [0x00000000eab00000,0x00000000eab00000,0x00000000ec400000)
  from space 4096K, 87% used [0x00000000eca80000,0x00000000ece04238,0x00000000ece80000)
  to   space 5120K, 0% used [0x00000000ec480000,0x00000000ec480000,0x00000000ec980000)
 ParOldGen       total 205312K, used 203942K [0x00000000c0000000, 0x00000000cc880000, 0x00000000eab00000)
  object space 205312K, 99% used [0x00000000c0000000,0x00000000cc729b10,0x00000000cc880000)
 Metaspace       used 67253K, committed 68480K, reserved 1114112K
  class space    used 7038K, committed 7616K, reserved 1048576K
}
Event: 6.025 GC heap before
{Heap before GC invocations=137 (full 8):
 PSYoungGen      total 29696K, used 29200K [0x00000000eab00000, 0x00000000ece80000, 0x0000000100000000)
  eden space 25600K, 100% used [0x00000000eab00000,0x00000000ec400000,0x00000000ec400000)
  from space 4096K, 87% used [0x00000000eca80000,0x00000000ece04238,0x00000000ece80000)
  to   space 5120K, 0% used [0x00000000ec480000,0x00000000ec480000,0x00000000ec980000)
 ParOldGen       total 205312K, used 203942K [0x00000000c0000000, 0x00000000cc880000, 0x00000000eab00000)
  object space 205312K, 99% used [0x00000000c0000000,0x00000000cc729b10,0x00000000cc880000)
 Metaspace       used 67467K, committed 68736K, reserved 1114112K
  class space    used 7067K, committed 7680K, reserved 1048576K
}

