# JRE version: OpenJDK Runtime Environment Temurin-17.0.13+11 (17.0.13+11) (build 17.0.13+11)
# Java VM: OpenJDK 64-Bit Server VM Temurin-17.0.13+11 (17.0.13+11, mixed mode, tiered, compressed oops, compressed class ptrs, parallel gc, windows-amd64)
GC Precious Log:
 CPUs: 12 total, 12 available
 Memory: 16122M
 Large Page Support: Disabled
 NUMA Support: Disabled
 Compressed Oops: Enabled (32-bit)
 Alignments: Space 512K, Generation 512K, Heap 2M
 Heap Min Capacity: 100M
 Heap Initial Capacity: 100M
 Heap Max Capacity: 1G
 Pre-touch: Disabled
 Parallel Workers: 10
Heap:
 PSYoungGen      total 1024K, used 0K [0x00000000eab00000, 0x00000000eae80000, 0x0000000100000000)
  eden space 512K, 0% used [0x00000000eab00000,0x00000000eab00000,0x00000000eab80000)
  from space 512K, 0% used [0x00000000eab80000,0x00000000eab80000,0x00000000eac00000)
  to   space 1024K, 0% used [0x00000000ead80000,0x00000000ead80000,0x00000000eae80000)
 ParOldGen       total 344576K, used 225915K [0x00000000c0000000, 0x00000000d5080000, 0x00000000eab00000)
  object space 344576K, 65% used [0x00000000c0000000,0x00000000cdc9ef08,0x00000000d5080000)
 Metaspace       used 91273K, committed 92736K, reserved 1179648K
  class space    used 9299K, committed 9984K, reserved 1048576K
GC Heap History (20 events):
Event: 228.197 GC heap after
{Heap after GC invocations=1053 (full 14):
 PSYoungGen      total 3072K, used 2536K [0x00000000eab00000, 0x00000000eb900000, 0x0000000100000000)
  eden space 512K, 0% used [0x00000000eab00000,0x00000000eab00000,0x00000000eab80000)
  from space 2560K, 99% used [0x00000000eb080000,0x00000000eb2fa000,0x00000000eb300000)
  to   space 5120K, 0% used [0x00000000eab80000,0x00000000eab80000,0x00000000eb080000)
 ParOldGen       total 331776K, used 282160K [0x00000000c0000000, 0x00000000d4400000, 0x00000000eab00000)
  object space 331776K, 85% used [0x00000000c0000000,0x00000000d138c218,0x00000000d4400000)
 Metaspace       used 91271K, committed 92736K, reserved 1179648K
  class space    used 9299K, committed 9984K, reserved 1048576K
}
Event: 228.197 GC heap before
{Heap before GC invocations=1054 (full 14):
 PSYoungGen      total 3072K, used 2536K [0x00000000eab00000, 0x00000000eb900000, 0x0000000100000000)
  eden space 512K, 0% used [0x00000000eab00000,0x00000000eab00000,0x00000000eab80000)
  from space 2560K, 99% used [0x00000000eb080000,0x00000000eb2fa000,0x00000000eb300000)
  to   space 5120K, 0% used [0x00000000eab80000,0x00000000eab80000,0x00000000eb080000)
 ParOldGen       total 331776K, used 282160K [0x00000000c0000000, 0x00000000d4400000, 0x00000000eab00000)
  object space 331776K, 85% used [0x00000000c0000000,0x00000000d138c218,0x00000000d4400000)
 Metaspace       used 91271K, committed 92736K, reserved 1179648K
  class space    used 9299K, committed 9984K, reserved 1048576K
}
Event: 228.199 GC heap after
{Heap after GC invocations=1054 (full 14):
 PSYoungGen      total 1024K, used 0K [0x00000000eab00000, 0x00000000eb100000, 0x0000000100000000)
  eden space 512K, 0% used [0x00000000eab00000,0x00000000eab00000,0x00000000eab80000)
  from space 512K, 0% used [0x00000000eab80000,0x00000000eab80000,0x00000000eac00000)
  to   space 2048K, 0% used [0x00000000eaf00000,0x00000000eaf00000,0x00000000eb100000)
 ParOldGen       total 331776K, used 284720K [0x00000000c0000000, 0x00000000d4400000, 0x00000000eab00000)
  object space 331776K, 85% used [0x00000000c0000000,0x00000000d160c218,0x00000000d4400000)
 Metaspace       used 91271K, committed 92736K, reserved 1179648K
  class space    used 9299K, committed 9984K, reserved 1048576K
}
Event: 228.199 GC heap before
{Heap before GC invocations=1055 (full 15):
 PSYoungGen      total 1024K, used 0K [0x00000000eab00000, 0x00000000eb100000, 0x0000000100000000)
  eden space 512K, 0% used [0x00000000eab00000,0x00000000eab00000,0x00000000eab80000)
  from space 512K, 0% used [0x00000000eab80000,0x00000000eab80000,0x00000000eac00000)
  to   space 2048K, 0% used [0x00000000eaf00000,0x00000000eaf00000,0x00000000eb100000)
 ParOldGen       total 331776K, used 284720K [0x00000000c0000000, 0x00000000d4400000, 0x00000000eab00000)
  object space 331776K, 85% used [0x00000000c0000000,0x00000000d160c218,0x00000000d4400000)
 Metaspace       used 91271K, committed 92736K, reserved 1179648K
  class space    used 9299K, committed 9984K, reserved 1048576K
}
Event: 228.290 GC heap after
{Heap after GC invocations=1055 (full 15):
 PSYoungGen      total 2048K, used 0K [0x00000000eab00000, 0x00000000eb000000, 0x0000000100000000)
  eden space 1024K, 0% used [0x00000000eab00000,0x00000000eab00000,0x00000000eac00000)
  from space 1024K, 0% used [0x00000000eaf00000,0x00000000eaf00000,0x00000000eb000000)
  to   space 2048K, 0% used [0x00000000eac00000,0x00000000eac00000,0x00000000eae00000)
 ParOldGen       total 344576K, used 221949K [0x00000000c0000000, 0x00000000d5080000, 0x00000000eab00000)
  object space 344576K, 64% used [0x00000000c0000000,0x00000000cd8bf5c8,0x00000000d5080000)
 Metaspace       used 91271K, committed 92736K, reserved 1179648K
  class space    used 9299K, committed 9984K, reserved 1048576K
}
Event: 228.291 GC heap before
{Heap before GC invocations=1056 (full 15):
 PSYoungGen      total 2048K, used 1024K [0x00000000eab00000, 0x00000000eb000000, 0x0000000100000000)
  eden space 1024K, 100% used [0x00000000eab00000,0x00000000eac00000,0x00000000eac00000)
  from space 1024K, 0% used [0x00000000eaf00000,0x00000000eaf00000,0x00000000eb000000)
  to   space 2048K, 0% used [0x00000000eac00000,0x00000000eac00000,0x00000000eae00000)
 ParOldGen       total 344576K, used 221949K [0x00000000c0000000, 0x00000000d5080000, 0x00000000eab00000)
  object space 344576K, 64% used [0x00000000c0000000,0x00000000cd8bf5c8,0x00000000d5080000)
 Metaspace       used 91271K, committed 92736K, reserved 1179648K
  class space    used 9299K, committed 9984K, reserved 1048576K
}
Event: 228.292 GC heap after
{Heap after GC invocations=1056 (full 15):
 PSYoungGen      total 3072K, used 1188K [0x00000000eab00000, 0x00000000eaf80000, 0x0000000100000000)
  eden space 1024K, 0% used [0x00000000eab00000,0x00000000eab00000,0x00000000eac00000)
  from space 2048K, 58% used [0x00000000eac00000,0x00000000ead29000,0x00000000eae00000)
  to   space 1536K, 0% used [0x00000000eae00000,0x00000000eae00000,0x00000000eaf80000)
 ParOldGen       total 344576K, used 221949K [0x00000000c0000000, 0x00000000d5080000, 0x00000000eab00000)
  object space 344576K, 64% used [0x00000000c0000000,0x00000000cd8bf5c8,0x00000000d5080000)
 Metaspace       used 91271K, committed 92736K, reserved 1179648K
  class space    used 9299K, committed 9984K, reserved 1048576K
}
Event: 228.295 GC heap before
{Heap before GC invocations=1057 (full 15):
 PSYoungGen      total 3072K, used 2212K [0x00000000eab00000, 0x00000000eaf80000, 0x0000000100000000)
  eden space 1024K, 100% used [0x00000000eab00000,0x00000000eac00000,0x00000000eac00000)
  from space 2048K, 58% used [0x00000000eac00000,0x00000000ead29000,0x00000000eae00000)
  to   space 1536K, 0% used [0x00000000eae00000,0x00000000eae00000,0x00000000eaf80000)
 ParOldGen       total 344576K, used 221949K [0x00000000c0000000, 0x00000000d5080000, 0x00000000eab00000)
  object space 344576K, 64% used [0x00000000c0000000,0x00000000cd8bf5c8,0x00000000d5080000)
 Metaspace       used 91271K, committed 92736K, reserved 1179648K
  class space    used 9299K, committed 9984K, reserved 1048576K
}
Event: 228.296 GC heap after
{Heap after GC invocations=1057 (full 15):
 PSYoungGen      total 2048K, used 320K [0x00000000eab00000, 0x00000000eae80000, 0x0000000100000000)
  eden space 1536K, 0% used [0x00000000eab00000,0x00000000eab00000,0x00000000eac80000)
  from space 512K, 62% used [0x00000000eae00000,0x00000000eae50000,0x00000000eae80000)
  to   space 1024K, 0% used [0x00000000eac80000,0x00000000eac80000,0x00000000ead80000)
 ParOldGen       total 344576K, used 222897K [0x00000000c0000000, 0x00000000d5080000, 0x00000000eab00000)
  object space 344576K, 64% used [0x00000000c0000000,0x00000000cd9ac5c8,0x00000000d5080000)
 Metaspace       used 91271K, committed 92736K, reserved 1179648K
  class space    used 9299K, committed 9984K, reserved 1048576K
}
Event: 228.335 GC heap before
{Heap before GC invocations=1058 (full 15):
 PSYoungGen      total 2048K, used 1855K [0x00000000eab00000, 0x00000000eae80000, 0x0000000100000000)
  eden space 1536K, 99% used [0x00000000eab00000,0x00000000eac7ffe8,0x00000000eac80000)
  from space 512K, 62% used [0x00000000eae00000,0x00000000eae50000,0x00000000eae80000)
  to   space 1024K, 0% used [0x00000000eac80000,0x00000000eac80000,0x00000000ead80000)
 ParOldGen       total 344576K, used 222897K [0x00000000c0000000, 0x00000000d5080000, 0x00000000eab00000)
  object space 344576K, 64% used [0x00000000c0000000,0x00000000cd9ac5c8,0x00000000d5080000)
 Metaspace       used 91271K, committed 92736K, reserved 1179648K
  class space    used 9299K, committed 9984K, reserved 1048576K
}
Event: 228.337 GC heap after
{Heap after GC invocations=1058 (full 15):
 PSYoungGen      total 2560K, used 416K [0x00000000eab00000, 0x00000000eae80000, 0x0000000100000000)
  eden space 1536K, 0% used [0x00000000eab00000,0x00000000eab00000,0x00000000eac80000)
  from space 1024K, 40% used [0x00000000eac80000,0x00000000eace8020,0x00000000ead80000)
  to   space 512K, 0% used [0x00000000eae00000,0x00000000eae00000,0x00000000eae80000)
 ParOldGen       total 344576K, used 223001K [0x00000000c0000000, 0x00000000d5080000, 0x00000000eab00000)
  object space 344576K, 64% used [0x00000000c0000000,0x00000000cd9c65c8,0x00000000d5080000)
 Metaspace       used 91271K, committed 92736K, reserved 1179648K
  class space    used 9299K, committed 9984K, reserved 1048576K
}
Event: 228.341 GC heap before
{Heap before GC invocations=1059 (full 15):
 PSYoungGen      total 2560K, used 1952K [0x00000000eab00000, 0x00000000eae80000, 0x0000000100000000)
  eden space 1536K, 100% used [0x00000000eab00000,0x00000000eac80000,0x00000000eac80000)
  from space 1024K, 40% used [0x00000000eac80000,0x00000000eace8020,0x00000000ead80000)
  to   space 512K, 0% used [0x00000000eae00000,0x00000000eae00000,0x00000000eae80000)
 ParOldGen       total 344576K, used 223001K [0x00000000c0000000, 0x00000000d5080000, 0x00000000eab00000)
  object space 344576K, 64% used [0x00000000c0000000,0x00000000cd9c65c8,0x00000000d5080000)
 Metaspace       used 91271K, committed 92736K, reserved 1179648K
  class space    used 9299K, committed 9984K, reserved 1048576K
}
Event: 228.341 GC heap after
{Heap after GC invocations=1059 (full 15):
 PSYoungGen      total 2560K, used 320K [0x00000000eab00000, 0x00000000eae80000, 0x0000000100000000)
  eden space 2048K, 0% used [0x00000000eab00000,0x00000000eab00000,0x00000000ead00000)
  from space 512K, 62% used [0x00000000eae00000,0x00000000eae50000,0x00000000eae80000)
  to   space 512K, 0% used [0x00000000ead80000,0x00000000ead80000,0x00000000eae00000)
 ParOldGen       total 344576K, used 223190K [0x00000000c0000000, 0x00000000d5080000, 0x00000000eab00000)
  object space 344576K, 64% used [0x00000000c0000000,0x00000000cd9f5aa8,0x00000000d5080000)
 Metaspace       used 91271K, committed 92736K, reserved 1179648K
  class space    used 9299K, committed 9984K, reserved 1048576K
}
Event: 228.351 GC heap before
{Heap before GC invocations=1060 (full 15):
 PSYoungGen      total 2560K, used 2235K [0x00000000eab00000, 0x00000000eae80000, 0x0000000100000000)
  eden space 2048K, 93% used [0x00000000eab00000,0x00000000eacded78,0x00000000ead00000)
  from space 512K, 62% used [0x00000000eae00000,0x00000000eae50000,0x00000000eae80000)
  to   space 512K, 0% used [0x00000000ead80000,0x00000000ead80000,0x00000000eae00000)
 ParOldGen       total 344576K, used 223190K [0x00000000c0000000, 0x00000000d5080000, 0x00000000eab00000)
  object space 344576K, 64% used [0x00000000c0000000,0x00000000cd9f5aa8,0x00000000d5080000)
 Metaspace       used 91273K, committed 92736K, reserved 1179648K
  class space    used 9299K, committed 9984K, reserved 1048576K
}
Event: 228.351 GC heap after
{Heap after GC invocations=1060 (full 15):
 PSYoungGen      total 2560K, used 487K [0x00000000eab00000, 0x00000000eaf00000, 0x0000000100000000)
  eden space 2048K, 0% used [0x00000000eab00000,0x00000000eab00000,0x00000000ead00000)
  from space 512K, 95% used [0x00000000ead80000,0x00000000eadf9d50,0x00000000eae00000)
  to   space 1024K, 0% used [0x00000000eae00000,0x00000000eae00000,0x00000000eaf00000)
 ParOldGen       total 344576K, used 223555K [0x00000000c0000000, 0x00000000d5080000, 0x00000000eab00000)
  object space 344576K, 64% used [0x00000000c0000000,0x00000000cda50c68,0x00000000d5080000)
 Metaspace       used 91273K, committed 92736K, reserved 1179648K
  class space    used 9299K, committed 9984K, reserved 1048576K
}
Event: 228.356 GC heap before
{Heap before GC invocations=1061 (full 15):
 PSYoungGen      total 2560K, used 2367K [0x00000000eab00000, 0x00000000eaf00000, 0x0000000100000000)
  eden space 2048K, 91% used [0x00000000eab00000,0x00000000eacd5f88,0x00000000ead00000)
  from space 512K, 95% used [0x00000000ead80000,0x00000000eadf9d50,0x00000000eae00000)
  to   space 1024K, 0% used [0x00000000eae00000,0x00000000eae00000,0x00000000eaf00000)
 ParOldGen       total 344576K, used 223555K [0x00000000c0000000, 0x00000000d5080000, 0x00000000eab00000)
  object space 344576K, 64% used [0x00000000c0000000,0x00000000cda50c68,0x00000000d5080000)
 Metaspace       used 91273K, committed 92736K, reserved 1179648K
  class space    used 9299K, committed 9984K, reserved 1048576K
}
Event: 228.357 GC heap after
{Heap after GC invocations=1061 (full 15):
 PSYoungGen      total 1536K, used 1020K [0x00000000eab00000, 0x00000000eb300000, 0x0000000100000000)
  eden space 512K, 0% used [0x00000000eab00000,0x00000000eab00000,0x00000000eab80000)
  from space 1024K, 99% used [0x00000000eae00000,0x00000000eaeff058,0x00000000eaf00000)
  to   space 2560K, 0% used [0x00000000eab80000,0x00000000eab80000,0x00000000eae00000)
 ParOldGen       total 344576K, used 224992K [0x00000000c0000000, 0x00000000d5080000, 0x00000000eab00000)
  object space 344576K, 65% used [0x00000000c0000000,0x00000000cdbb81c0,0x00000000d5080000)
 Metaspace       used 91273K, committed 92736K, reserved 1179648K
  class space    used 9299K, committed 9984K, reserved 1048576K
}
Event: 228.357 GC heap before
{Heap before GC invocations=1062 (full 15):
 PSYoungGen      total 1536K, used 1020K [0x00000000eab00000, 0x00000000eb300000, 0x0000000100000000)
  eden space 512K, 0% used [0x00000000eab00000,0x00000000eab00000,0x00000000eab80000)
  from space 1024K, 99% used [0x00000000eae00000,0x00000000eaeff058,0x00000000eaf00000)
  to   space 2560K, 0% used [0x00000000eab80000,0x00000000eab80000,0x00000000eae00000)
 ParOldGen       total 344576K, used 224992K [0x00000000c0000000, 0x00000000d5080000, 0x00000000eab00000)
  object space 344576K, 65% used [0x00000000c0000000,0x00000000cdbb81c0,0x00000000d5080000)
 Metaspace       used 91273K, committed 92736K, reserved 1179648K
  class space    used 9299K, committed 9984K, reserved 1048576K
}
Event: 228.358 GC heap after
{Heap after GC invocations=1062 (full 15):
 PSYoungGen      total 1024K, used 0K [0x00000000eab00000, 0x00000000eae80000, 0x0000000100000000)
  eden space 512K, 0% used [0x00000000eab00000,0x00000000eab00000,0x00000000eab80000)
  from space 512K, 0% used [0x00000000eab80000,0x00000000eab80000,0x00000000eac00000)
  to   space 1024K, 0% used [0x00000000ead80000,0x00000000ead80000,0x00000000eae80000)
 ParOldGen       total 344576K, used 225915K [0x00000000c0000000, 0x00000000d5080000, 0x00000000eab00000)
  object space 344576K, 65% used [0x00000000c0000000,0x00000000cdc9ef08,0x00000000d5080000)
 Metaspace       used 91273K, committed 92736K, reserved 1179648K
  class space    used 9299K, committed 9984K, reserved 1048576K
}
Event: 228.358 GC heap before
{Heap before GC invocations=1063 (full 16):
 PSYoungGen      total 1024K, used 0K [0x00000000eab00000, 0x00000000eae80000, 0x0000000100000000)
  eden space 512K, 0% used [0x00000000eab00000,0x00000000eab00000,0x00000000eab80000)
  from space 512K, 0% used [0x00000000eab80000,0x00000000eab80000,0x00000000eac00000)
  to   space 1024K, 0% used [0x00000000ead80000,0x00000000ead80000,0x00000000eae80000)
 ParOldGen       total 344576K, used 225915K [0x00000000c0000000, 0x00000000d5080000, 0x00000000eab00000)
  object space 344576K, 65% used [0x00000000c0000000,0x00000000cdc9ef08,0x00000000d5080000)
 Metaspace       used 91273K, committed 92736K, reserved 1179648K
  class space    used 9299K, committed 9984K, reserved 1048576K
}

