# JRE version: OpenJDK Runtime Environment Temurin-17.0.13+11 (17.0.13+11) (build 17.0.13+11)
# Java VM: OpenJDK 64-Bit Server VM Temurin-17.0.13+11 (17.0.13+11, mixed mode, tiered, compressed oops, compressed class ptrs, parallel gc, windows-amd64)
GC Precious Log:
 CPUs: 12 total, 12 available
 Memory: 16122M
 Large Page Support: Disabled
 NUMA Support: Disabled
 Compressed Oops: Enabled (32-bit)
 Alignments: Space 512K, Generation 512K, Heap 2M
 Heap Min Capacity: 100M
 Heap Initial Capacity: 100M
 Heap Max Capacity: 1G
 Pre-touch: Disabled
 Parallel Workers: 10
Heap:
 PSYoungGen      total 44544K, used 19834K [0x00000000eab00000, 0x00000000ee980000, 0x0000000100000000)
  eden space 26112K, 6% used [0x00000000eab00000,0x00000000eacbf328,0x00000000ec480000)
  from space 18432K, 97% used [0x00000000ec800000,0x00000000ed99f7d0,0x00000000eda00000)
  to   space 15872K, 0% used [0x00000000eda00000,0x00000000eda00000,0x00000000ee980000)
 ParOldGen       total 227840K, used 191023K [0x00000000c0000000, 0x00000000cde80000, 0x00000000eab00000)
  object space 227840K, 83% used [0x00000000c0000000,0x00000000cba8bd98,0x00000000cde80000)
 Metaspace       used 79313K, committed 80704K, reserved 1179648K
  class space    used 8181K, committed 8832K, reserved 1048576K
GC Heap History (20 events):
Event: 14.636 GC heap before
{Heap before GC invocations=278 (full 12):
 PSYoungGen      total 32768K, used 32278K [0x00000000eab00000, 0x00000000ecf80000, 0x0000000100000000)
  eden space 30720K, 100% used [0x00000000eab00000,0x00000000ec900000,0x00000000ec900000)
  from space 2048K, 76% used [0x00000000ec900000,0x00000000eca85928,0x00000000ecb00000)
  to   space 3072K, 0% used [0x00000000ecc80000,0x00000000ecc80000,0x00000000ecf80000)
 ParOldGen       total 227840K, used 159458K [0x00000000c0000000, 0x00000000cde80000, 0x00000000eab00000)
  object space 227840K, 69% used [0x00000000c0000000,0x00000000c9bb8ae0,0x00000000cde80000)
 Metaspace       used 78894K, committed 80256K, reserved 1179648K
  class space    used 8164K, committed 8768K, reserved 1048576K
}
Event: 14.637 GC heap after
{Heap after GC invocations=278 (full 12):
 PSYoungGen      total 33792K, used 3052K [0x00000000eab00000, 0x00000000ed000000, 0x0000000100000000)
  eden space 30720K, 0% used [0x00000000eab00000,0x00000000eab00000,0x00000000ec900000)
  from space 3072K, 99% used [0x00000000ecc80000,0x00000000ecf7b280,0x00000000ecf80000)
  to   space 3584K, 0% used [0x00000000ec900000,0x00000000ec900000,0x00000000ecc80000)
 ParOldGen       total 227840K, used 159642K [0x00000000c0000000, 0x00000000cde80000, 0x00000000eab00000)
  object space 227840K, 70% used [0x00000000c0000000,0x00000000c9be6ae0,0x00000000cde80000)
 Metaspace       used 78894K, committed 80256K, reserved 1179648K
  class space    used 8164K, committed 8768K, reserved 1048576K
}
Event: 14.716 GC heap before
{Heap before GC invocations=279 (full 12):
 PSYoungGen      total 33792K, used 33772K [0x00000000eab00000, 0x00000000ed000000, 0x0000000100000000)
  eden space 30720K, 100% used [0x00000000eab00000,0x00000000ec900000,0x00000000ec900000)
  from space 3072K, 99% used [0x00000000ecc80000,0x00000000ecf7b280,0x00000000ecf80000)
  to   space 3584K, 0% used [0x00000000ec900000,0x00000000ec900000,0x00000000ecc80000)
 ParOldGen       total 227840K, used 159642K [0x00000000c0000000, 0x00000000cde80000, 0x00000000eab00000)
  object space 227840K, 70% used [0x00000000c0000000,0x00000000c9be6ae0,0x00000000cde80000)
 Metaspace       used 78895K, committed 80256K, reserved 1179648K
  class space    used 8164K, committed 8768K, reserved 1048576K
}
Event: 14.717 GC heap after
{Heap after GC invocations=279 (full 12):
 PSYoungGen      total 34304K, used 3561K [0x00000000eab00000, 0x00000000ed100000, 0x0000000100000000)
  eden space 30720K, 0% used [0x00000000eab00000,0x00000000eab00000,0x00000000ec900000)
  from space 3584K, 99% used [0x00000000ec900000,0x00000000ecc7a4e8,0x00000000ecc80000)
  to   space 4096K, 0% used [0x00000000ecd00000,0x00000000ecd00000,0x00000000ed100000)
 ParOldGen       total 227840K, used 159682K [0x00000000c0000000, 0x00000000cde80000, 0x00000000eab00000)
  object space 227840K, 70% used [0x00000000c0000000,0x00000000c9bf0ae0,0x00000000cde80000)
 Metaspace       used 78895K, committed 80256K, reserved 1179648K
  class space    used 8164K, committed 8768K, reserved 1048576K
}
Event: 14.772 GC heap before
{Heap before GC invocations=280 (full 12):
 PSYoungGen      total 34304K, used 34281K [0x00000000eab00000, 0x00000000ed100000, 0x0000000100000000)
  eden space 30720K, 100% used [0x00000000eab00000,0x00000000ec900000,0x00000000ec900000)
  from space 3584K, 99% used [0x00000000ec900000,0x00000000ecc7a4e8,0x00000000ecc80000)
  to   space 4096K, 0% used [0x00000000ecd00000,0x00000000ecd00000,0x00000000ed100000)
 ParOldGen       total 227840K, used 159682K [0x00000000c0000000, 0x00000000cde80000, 0x00000000eab00000)
  object space 227840K, 70% used [0x00000000c0000000,0x00000000c9bf0ae0,0x00000000cde80000)
 Metaspace       used 78895K, committed 80256K, reserved 1179648K
  class space    used 8164K, committed 8768K, reserved 1048576K
}
Event: 14.774 GC heap after
{Heap after GC invocations=280 (full 12):
 PSYoungGen      total 31232K, used 4075K [0x00000000eab00000, 0x00000000ed800000, 0x0000000100000000)
  eden space 27136K, 0% used [0x00000000eab00000,0x00000000eab00000,0x00000000ec580000)
  from space 4096K, 99% used [0x00000000ecd00000,0x00000000ed0face8,0x00000000ed100000)
  to   space 7680K, 0% used [0x00000000ec580000,0x00000000ec580000,0x00000000ecd00000)
 ParOldGen       total 227840K, used 162610K [0x00000000c0000000, 0x00000000cde80000, 0x00000000eab00000)
  object space 227840K, 71% used [0x00000000c0000000,0x00000000c9eccae0,0x00000000cde80000)
 Metaspace       used 78895K, committed 80256K, reserved 1179648K
  class space    used 8164K, committed 8768K, reserved 1048576K
}
Event: 14.848 GC heap before
{Heap before GC invocations=281 (full 12):
 PSYoungGen      total 31232K, used 31211K [0x00000000eab00000, 0x00000000ed800000, 0x0000000100000000)
  eden space 27136K, 100% used [0x00000000eab00000,0x00000000ec580000,0x00000000ec580000)
  from space 4096K, 99% used [0x00000000ecd00000,0x00000000ed0face8,0x00000000ed100000)
  to   space 7680K, 0% used [0x00000000ec580000,0x00000000ec580000,0x00000000ecd00000)
 ParOldGen       total 227840K, used 162610K [0x00000000c0000000, 0x00000000cde80000, 0x00000000eab00000)
  object space 227840K, 71% used [0x00000000c0000000,0x00000000c9eccae0,0x00000000cde80000)
 Metaspace       used 78895K, committed 80256K, reserved 1179648K
  class space    used 8164K, committed 8768K, reserved 1048576K
}
Event: 14.849 GC heap after
{Heap after GC invocations=281 (full 12):
 PSYoungGen      total 31232K, used 3713K [0x00000000eab00000, 0x00000000ecf80000, 0x0000000100000000)
  eden space 27136K, 0% used [0x00000000eab00000,0x00000000eab00000,0x00000000ec580000)
  from space 4096K, 90% used [0x00000000ec580000,0x00000000ec9206d0,0x00000000ec980000)
  to   space 5120K, 0% used [0x00000000eca80000,0x00000000eca80000,0x00000000ecf80000)
 ParOldGen       total 227840K, used 163516K [0x00000000c0000000, 0x00000000cde80000, 0x00000000eab00000)
  object space 227840K, 71% used [0x00000000c0000000,0x00000000c9faf010,0x00000000cde80000)
 Metaspace       used 78895K, committed 80256K, reserved 1179648K
  class space    used 8164K, committed 8768K, reserved 1048576K
}
Event: 14.936 GC heap before
{Heap before GC invocations=282 (full 12):
 PSYoungGen      total 31232K, used 30450K [0x00000000eab00000, 0x00000000ecf80000, 0x0000000100000000)
  eden space 27136K, 98% used [0x00000000eab00000,0x00000000ec51c350,0x00000000ec580000)
  from space 4096K, 90% used [0x00000000ec580000,0x00000000ec9206d0,0x00000000ec980000)
  to   space 5120K, 0% used [0x00000000eca80000,0x00000000eca80000,0x00000000ecf80000)
 ParOldGen       total 227840K, used 163516K [0x00000000c0000000, 0x00000000cde80000, 0x00000000eab00000)
  object space 227840K, 71% used [0x00000000c0000000,0x00000000c9faf010,0x00000000cde80000)
 Metaspace       used 79026K, committed 80384K, reserved 1179648K
  class space    used 8173K, committed 8768K, reserved 1048576K
}
Event: 14.938 GC heap after
{Heap after GC invocations=282 (full 12):
 PSYoungGen      total 31744K, used 5112K [0x00000000eab00000, 0x00000000ed080000, 0x0000000100000000)
  eden space 26624K, 0% used [0x00000000eab00000,0x00000000eab00000,0x00000000ec500000)
  from space 5120K, 99% used [0x00000000eca80000,0x00000000ecf7e280,0x00000000ecf80000)
  to   space 5632K, 0% used [0x00000000ec500000,0x00000000ec500000,0x00000000eca80000)
 ParOldGen       total 227840K, used 163652K [0x00000000c0000000, 0x00000000cde80000, 0x00000000eab00000)
  object space 227840K, 71% used [0x00000000c0000000,0x00000000c9fd1010,0x00000000cde80000)
 Metaspace       used 79026K, committed 80384K, reserved 1179648K
  class space    used 8173K, committed 8768K, reserved 1048576K
}
Event: 15.038 GC heap before
{Heap before GC invocations=283 (full 12):
 PSYoungGen      total 31744K, used 31736K [0x00000000eab00000, 0x00000000ed080000, 0x0000000100000000)
  eden space 26624K, 100% used [0x00000000eab00000,0x00000000ec500000,0x00000000ec500000)
  from space 5120K, 99% used [0x00000000eca80000,0x00000000ecf7e280,0x00000000ecf80000)
  to   space 5632K, 0% used [0x00000000ec500000,0x00000000ec500000,0x00000000eca80000)
 ParOldGen       total 227840K, used 163652K [0x00000000c0000000, 0x00000000cde80000, 0x00000000eab00000)
  object space 227840K, 71% used [0x00000000c0000000,0x00000000c9fd1010,0x00000000cde80000)
 Metaspace       used 79136K, committed 80576K, reserved 1179648K
  class space    used 8178K, committed 8832K, reserved 1048576K
}
Event: 15.043 GC heap after
{Heap after GC invocations=283 (full 12):
 PSYoungGen      total 32256K, used 5631K [0x00000000eab00000, 0x00000000ee400000, 0x0000000100000000)
  eden space 26624K, 0% used [0x00000000eab00000,0x00000000eab00000,0x00000000ec500000)
  from space 5632K, 99% used [0x00000000ec500000,0x00000000eca7fea0,0x00000000eca80000)
  to   space 15872K, 0% used [0x00000000ed480000,0x00000000ed480000,0x00000000ee400000)
 ParOldGen       total 227840K, used 172177K [0x00000000c0000000, 0x00000000cde80000, 0x00000000eab00000)
  object space 227840K, 75% used [0x00000000c0000000,0x00000000ca8245b0,0x00000000cde80000)
 Metaspace       used 79136K, committed 80576K, reserved 1179648K
  class space    used 8178K, committed 8832K, reserved 1048576K
}
Event: 15.183 GC heap before
{Heap before GC invocations=284 (full 12):
 PSYoungGen      total 32256K, used 32255K [0x00000000eab00000, 0x00000000ee400000, 0x0000000100000000)
  eden space 26624K, 100% used [0x00000000eab00000,0x00000000ec500000,0x00000000ec500000)
  from space 5632K, 99% used [0x00000000ec500000,0x00000000eca7fea0,0x00000000eca80000)
  to   space 15872K, 0% used [0x00000000ed480000,0x00000000ed480000,0x00000000ee400000)
 ParOldGen       total 227840K, used 172177K [0x00000000c0000000, 0x00000000cde80000, 0x00000000eab00000)
  object space 227840K, 75% used [0x00000000c0000000,0x00000000ca8245b0,0x00000000cde80000)
 Metaspace       used 79176K, committed 80576K, reserved 1179648K
  class space    used 8179K, committed 8832K, reserved 1048576K
}
Event: 15.191 GC heap after
{Heap after GC invocations=284 (full 12):
 PSYoungGen      total 41984K, used 15692K [0x00000000eab00000, 0x00000000ee500000, 0x0000000100000000)
  eden space 26112K, 0% used [0x00000000eab00000,0x00000000eab00000,0x00000000ec480000)
  from space 15872K, 98% used [0x00000000ed480000,0x00000000ee3d3048,0x00000000ee400000)
  to   space 16384K, 0% used [0x00000000ec480000,0x00000000ec480000,0x00000000ed480000)
 ParOldGen       total 227840K, used 175209K [0x00000000c0000000, 0x00000000cde80000, 0x00000000eab00000)
  object space 227840K, 76% used [0x00000000c0000000,0x00000000cab1a4f0,0x00000000cde80000)
 Metaspace       used 79176K, committed 80576K, reserved 1179648K
  class space    used 8179K, committed 8832K, reserved 1048576K
}
Event: 15.262 GC heap before
{Heap before GC invocations=285 (full 12):
 PSYoungGen      total 41984K, used 41186K [0x00000000eab00000, 0x00000000ee500000, 0x0000000100000000)
  eden space 26112K, 97% used [0x00000000eab00000,0x00000000ec3e5b60,0x00000000ec480000)
  from space 15872K, 98% used [0x00000000ed480000,0x00000000ee3d3048,0x00000000ee400000)
  to   space 16384K, 0% used [0x00000000ec480000,0x00000000ec480000,0x00000000ed480000)
 ParOldGen       total 227840K, used 175209K [0x00000000c0000000, 0x00000000cde80000, 0x00000000eab00000)
  object space 227840K, 76% used [0x00000000c0000000,0x00000000cab1a4f0,0x00000000cde80000)
 Metaspace       used 79176K, committed 80576K, reserved 1179648K
  class space    used 8179K, committed 8832K, reserved 1048576K
}
Event: 15.268 GC heap after
{Heap after GC invocations=285 (full 12):
 PSYoungGen      total 42496K, used 16365K [0x00000000eab00000, 0x00000000ef580000, 0x0000000100000000)
  eden space 26112K, 0% used [0x00000000eab00000,0x00000000eab00000,0x00000000ec480000)
  from space 16384K, 99% used [0x00000000ec480000,0x00000000ed47b598,0x00000000ed480000)
  to   space 25088K, 0% used [0x00000000edd00000,0x00000000edd00000,0x00000000ef580000)
 ParOldGen       total 227840K, used 182357K [0x00000000c0000000, 0x00000000cde80000, 0x00000000eab00000)
  object space 227840K, 80% used [0x00000000c0000000,0x00000000cb2154f8,0x00000000cde80000)
 Metaspace       used 79176K, committed 80576K, reserved 1179648K
  class space    used 8179K, committed 8832K, reserved 1048576K
}
Event: 15.349 GC heap before
{Heap before GC invocations=286 (full 12):
 PSYoungGen      total 42496K, used 42477K [0x00000000eab00000, 0x00000000ef580000, 0x0000000100000000)
  eden space 26112K, 100% used [0x00000000eab00000,0x00000000ec480000,0x00000000ec480000)
  from space 16384K, 99% used [0x00000000ec480000,0x00000000ed47b598,0x00000000ed480000)
  to   space 25088K, 0% used [0x00000000edd00000,0x00000000edd00000,0x00000000ef580000)
 ParOldGen       total 227840K, used 182357K [0x00000000c0000000, 0x00000000cde80000, 0x00000000eab00000)
  object space 227840K, 80% used [0x00000000c0000000,0x00000000cb2154f8,0x00000000cde80000)
 Metaspace       used 79198K, committed 80640K, reserved 1179648K
  class space    used 8179K, committed 8832K, reserved 1048576K
}
Event: 15.355 GC heap after
{Heap after GC invocations=286 (full 12):
 PSYoungGen      total 41472K, used 15204K [0x00000000eab00000, 0x00000000eec00000, 0x0000000100000000)
  eden space 26112K, 0% used [0x00000000eab00000,0x00000000eab00000,0x00000000ec480000)
  from space 15360K, 98% used [0x00000000edd00000,0x00000000eebd9248,0x00000000eec00000)
  to   space 18432K, 0% used [0x00000000ec800000,0x00000000ec800000,0x00000000eda00000)
 ParOldGen       total 227840K, used 191023K [0x00000000c0000000, 0x00000000cde80000, 0x00000000eab00000)
  object space 227840K, 83% used [0x00000000c0000000,0x00000000cba8bd98,0x00000000cde80000)
 Metaspace       used 79198K, committed 80640K, reserved 1179648K
  class space    used 8179K, committed 8832K, reserved 1048576K
}
Event: 16.780 GC heap before
{Heap before GC invocations=287 (full 12):
 PSYoungGen      total 41472K, used 41316K [0x00000000eab00000, 0x00000000eec00000, 0x0000000100000000)
  eden space 26112K, 100% used [0x00000000eab00000,0x00000000ec480000,0x00000000ec480000)
  from space 15360K, 98% used [0x00000000edd00000,0x00000000eebd9248,0x00000000eec00000)
  to   space 18432K, 0% used [0x00000000ec800000,0x00000000ec800000,0x00000000eda00000)
 ParOldGen       total 227840K, used 191023K [0x00000000c0000000, 0x00000000cde80000, 0x00000000eab00000)
  object space 227840K, 83% used [0x00000000c0000000,0x00000000cba8bd98,0x00000000cde80000)
 Metaspace       used 79290K, committed 80704K, reserved 1179648K
  class space    used 8181K, committed 8832K, reserved 1048576K
}
Event: 16.784 GC heap after
{Heap after GC invocations=287 (full 12):
 PSYoungGen      total 44544K, used 18045K [0x00000000eab00000, 0x00000000ee980000, 0x0000000100000000)
  eden space 26112K, 0% used [0x00000000eab00000,0x00000000eab00000,0x00000000ec480000)
  from space 18432K, 97% used [0x00000000ec800000,0x00000000ed99f7d0,0x00000000eda00000)
  to   space 15872K, 0% used [0x00000000eda00000,0x00000000eda00000,0x00000000ee980000)
 ParOldGen       total 227840K, used 191023K [0x00000000c0000000, 0x00000000cde80000, 0x00000000eab00000)
  object space 227840K, 83% used [0x00000000c0000000,0x00000000cba8bd98,0x00000000cde80000)
 Metaspace       used 79290K, committed 80704K, reserved 1179648K
  class space    used 8181K, committed 8832K, reserved 1048576K
}

